2022-12-08 20:05:23,030 Visualization.
2022-12-08 20:05:23,031 CombSort work.
2022-12-08 20:05:23,031 Looking for a gap.
2022-12-08 20:05:23,031 getNextGap work.
2022-12-08 20:05:23,031 getNextGap return gap.
2022-12-08 20:05:23,031 Displacement of elements.
2022-12-08 20:05:23,537 Creating an image.
2022-12-08 20:05:24,308 Displacement of elements.
2022-12-08 20:05:24,473 Creating an image.
2022-12-08 20:05:24,875 Displacement of elements.
2022-12-08 20:05:25,110 Creating an image.
2022-12-08 20:05:25,543 Displacement of elements.
2022-12-08 20:05:25,713 Creating an image.
2022-12-08 20:05:26,103 Looking for a gap.
2022-12-08 20:05:26,104 getNextGap work.
2022-12-08 20:05:26,104 getNextGap return gap.
2022-12-08 20:05:26,104 Displacement of elements.
2022-12-08 20:05:26,275 Creating an image.
2022-12-08 20:05:26,657 Displacement of elements.
2022-12-08 20:05:26,856 Creating an image.
2022-12-08 20:05:27,258 Looking for a gap.
2022-12-08 20:05:27,259 getNextGap work.
2022-12-08 20:05:27,259 getNextGap return gap.
2022-12-08 20:05:27,259 Displacement of elements.
2022-12-08 20:05:27,432 Creating an image.
2022-12-08 20:05:27,841 Displacement of elements.
2022-12-08 20:05:28,001 Creating an image.
2022-12-08 20:05:28,393 Looking for a gap.
2022-12-08 20:05:28,393 getNextGap work.
2022-12-08 20:05:28,393 getNextGap return gap.
2022-12-08 20:05:28,393 Displacement of elements.
2022-12-08 20:05:28,554 Creating an image.
2022-12-08 20:05:28,989 Displacement of elements.
2022-12-08 20:05:29,164 Creating an image.
2022-12-08 20:05:29,585 Displacement of elements.
2022-12-08 20:05:29,757 Creating an image.
2022-12-08 20:05:30,221 Looking for a gap.
2022-12-08 20:05:30,221 getNextGap work.
2022-12-08 20:05:30,222 getNextGap return gap.
2022-12-08 20:05:30,222 Looking for a gap.
2022-12-08 20:05:30,222 getNextGap work.
2022-12-08 20:05:30,222 getNextGap return gap.
2022-12-08 20:05:30,222 Displacement of elements.
2022-12-08 20:05:30,397 Creating an image.
2022-12-08 20:05:30,807 Displacement of elements.
2022-12-08 20:05:31,030 Creating an image.
2022-12-08 20:05:31,450 Looking for a gap.
2022-12-08 20:05:31,450 getNextGap work.
2022-12-08 20:05:31,451 getNextGap return gap.
2022-12-08 20:05:31,451 Displacement of elements.
2022-12-08 20:05:31,792 Creating an image.
2022-12-08 20:05:32,243 Displacement of elements.
2022-12-08 20:05:32,420 Creating an image.
2022-12-08 20:05:32,826 Displacement of elements.
2022-12-08 20:05:33,009 Creating an image.
2022-12-08 20:05:33,449 Displacement of elements.
2022-12-08 20:05:33,628 Creating an image.
2022-12-08 20:05:34,049 Displacement of elements.
2022-12-08 20:05:34,262 Creating an image.
2022-12-08 20:05:34,700 Displacement of elements.
2022-12-08 20:05:34,877 Creating an image.
2022-12-08 20:05:35,338 Looking for a gap.
2022-12-08 20:05:35,338 getNextGap work.
2022-12-08 20:05:35,338 getNextGap return gap.
2022-12-08 20:05:35,338 Displacement of elements.
2022-12-08 20:05:35,517 Creating an image.
2022-12-08 20:05:35,959 Displacement of elements.
2022-12-08 20:05:36,137 Creating an image.
2022-12-08 20:05:36,570 Displacement of elements.
2022-12-08 20:05:36,750 Creating an image.
2022-12-08 20:05:37,171 Displacement of elements.
2022-12-08 20:05:37,351 Creating an image.
2022-12-08 20:05:37,776 Displacement of elements.
2022-12-08 20:05:37,951 Creating an image.
2022-12-08 20:05:38,371 Displacement of elements.
2022-12-08 20:05:38,753 Creating an image.
2022-12-08 20:05:39,171 Looking for a gap.
2022-12-08 20:05:39,171 getNextGap work.
2022-12-08 20:05:39,171 getNextGap return 1.
2022-12-08 20:05:39,172 Break (while True)
